Arguments: 
  C:\Program Files\nodejs\node.exe C:\Users\Administrator\AppData\Roaming\npm\node_modules\yarn\bin\yarn.js add webpack webpack-cli --dev

PATH: 
  C:\Program Files\Git\mingw64\bin;C:\Program Files\Git\usr\bin;C:\Users\Administrator\bin;C:\Windows\system32;C:\Windows;C:\Windows\System32\Wbem;C:\Windows\System32\WindowsPowerShell\v1.0;C:\Program Files\Git\cmd;C:\Program Files\nodejs;C:\Users\Administrator\AppData\Local\Programs\Microsoft VS Code\bin;C:\Users\Administrator\AppData\Roaming\npm

Yarn version: 
  1.17.3

Node version: 
  10.16.0

Platform: 
  win32 x64

Trace: 
  Error: connect ETIMEDOUT 104.16.27.35:443
      at TCPConnectWrap.afterConnect [as oncomplete] (net.js:1106:14)

npm manifest: 
  {
    "name": "priority-async-queue",
    "version": "1.0.0",
    "description": "A priority async queue plugin for node.js",
    "main": "index.js",
    "scripts": {
      "test": "echo \"Error: no test specified\" && exit 1"
    },
    "repository": {
      "type": "git",
      "url": "git+https://github.com/Checkson/priority-async-queue.git"
    },
    "keywords": [
      "priority",
      "aysnc",
      "queue",
      "defer",
      "task"
    ],
    "author": "Checkson",
    "license": "MIT",
    "bugs": {
      "url": "https://github.com/Checkson/priority-async-queue/issues"
    },
    "homepage": "https://github.com/Checkson/priority-async-queue#readme"
  }

yarn manifest: 
  No manifest

Lockfile: 
  No lockfile
